{"C:\\Users\\orica\\OneDrive\\Documents\\La Fosse Training\\Geography-Game\\client\\flag_quizz\\flag_questions.js": {"path":"C:\\Users\\orica\\OneDrive\\Documents\\La Fosse Training\\Geography-Game\\client\\flag_quizz\\flag_questions.js","statementMap":{"0":{"start":{"line":1,"column":16},"end":{"line":1,"column":49}},"1":{"start":{"line":2,"column":17},"end":{"line":2,"column":52}},"2":{"start":{"line":3,"column":16},"end":{"line":3,"column":50}},"3":{"start":{"line":4,"column":21},"end":{"line":4,"column":60}},"4":{"start":{"line":5,"column":15},"end":{"line":5,"column":48}},"5":{"start":{"line":6,"column":21},"end":{"line":6,"column":57}},"6":{"start":{"line":7,"column":13},"end":{"line":7,"column":44}},"7":{"start":{"line":14,"column":0},"end":{"line":14,"column":51}},"8":{"start":{"line":15,"column":0},"end":{"line":15,"column":44}},"9":{"start":{"line":17,"column":21},"end":{"line":17,"column":64}},"10":{"start":{"line":18,"column":15},"end":{"line":18,"column":17}},"11":{"start":{"line":19,"column":2},"end":{"line":20,"column":32}},"12":{"start":{"line":20,"column":4},"end":{"line":20,"column":31}},"13":{"start":{"line":21,"column":0},"end":{"line":21,"column":19}},"14":{"start":{"line":23,"column":17},"end":{"line":23,"column":26}},"15":{"start":{"line":24,"column":8},"end":{"line":24,"column":9}},"16":{"start":{"line":25,"column":12},"end":{"line":25,"column":13}},"17":{"start":{"line":27,"column":24},"end":{"line":27,"column":49}},"18":{"start":{"line":28,"column":12},"end":{"line":28,"column":24}},"19":{"start":{"line":29,"column":13},"end":{"line":29,"column":26}},"20":{"start":{"line":30,"column":15},"end":{"line":30,"column":30}},"21":{"start":{"line":31,"column":21},"end":{"line":31,"column":36}},"22":{"start":{"line":34,"column":0},"end":{"line":34,"column":14}},"23":{"start":{"line":37,"column":20},"end":{"line":37,"column":24}},"24":{"start":{"line":38,"column":22},"end":{"line":38,"column":64}},"25":{"start":{"line":39,"column":2},"end":{"line":39,"column":37}},"26":{"start":{"line":41,"column":14},"end":{"line":41,"column":42}},"27":{"start":{"line":42,"column":15},"end":{"line":42,"column":43}},"28":{"start":{"line":45,"column":2},"end":{"line":45,"column":63}},"29":{"start":{"line":46,"column":2},"end":{"line":46,"column":62}},"30":{"start":{"line":48,"column":2},"end":{"line":48,"column":29}},"31":{"start":{"line":49,"column":2},"end":{"line":49,"column":29}},"32":{"start":{"line":53,"column":2},"end":{"line":57,"column":3}},"33":{"start":{"line":54,"column":13},"end":{"line":54,"column":34}},"34":{"start":{"line":55,"column":15},"end":{"line":55,"column":22}},"35":{"start":{"line":56,"column":4},"end":{"line":56,"column":24}},"36":{"start":{"line":58,"column":15},"end":{"line":58,"column":47}},"37":{"start":{"line":59,"column":2},"end":{"line":59,"column":28}},"38":{"start":{"line":60,"column":2},"end":{"line":60,"column":37}},"39":{"start":{"line":61,"column":2},"end":{"line":61,"column":91}},"40":{"start":{"line":62,"column":2},"end":{"line":62,"column":127}},"41":{"start":{"line":63,"column":2},"end":{"line":63,"column":34}},"42":{"start":{"line":65,"column":21},"end":{"line":65,"column":53}},"43":{"start":{"line":66,"column":2},"end":{"line":66,"column":34}},"44":{"start":{"line":67,"column":2},"end":{"line":77,"column":3}},"45":{"start":{"line":68,"column":4},"end":{"line":68,"column":46}},"46":{"start":{"line":69,"column":4},"end":{"line":69,"column":99}},"47":{"start":{"line":70,"column":4},"end":{"line":70,"column":116}},"48":{"start":{"line":71,"column":4},"end":{"line":71,"column":36}},"49":{"start":{"line":74,"column":4},"end":{"line":74,"column":44}},"50":{"start":{"line":75,"column":4},"end":{"line":75,"column":99}},"51":{"start":{"line":76,"column":4},"end":{"line":76,"column":116}},"52":{"start":{"line":78,"column":2},"end":{"line":78,"column":38}},"53":{"start":{"line":79,"column":2},"end":{"line":79,"column":31}},"54":{"start":{"line":80,"column":2},"end":{"line":80,"column":32}},"55":{"start":{"line":84,"column":17},"end":{"line":84,"column":46}},"56":{"start":{"line":85,"column":2},"end":{"line":85,"column":54}},"57":{"start":{"line":86,"column":2},"end":{"line":86,"column":31}},"58":{"start":{"line":89,"column":14},"end":{"line":89,"column":45}},"59":{"start":{"line":90,"column":2},"end":{"line":90,"column":36}},"60":{"start":{"line":91,"column":2},"end":{"line":91,"column":22}},"61":{"start":{"line":92,"column":2},"end":{"line":92,"column":15}},"62":{"start":{"line":93,"column":2},"end":{"line":93,"column":18}},"63":{"start":{"line":94,"column":2},"end":{"line":94,"column":23}},"64":{"start":{"line":95,"column":2},"end":{"line":95,"column":29}},"65":{"start":{"line":97,"column":14},"end":{"line":97,"column":45}},"66":{"start":{"line":98,"column":2},"end":{"line":98,"column":36}},"67":{"start":{"line":99,"column":2},"end":{"line":99,"column":31}},"68":{"start":{"line":100,"column":2},"end":{"line":100,"column":29}},"69":{"start":{"line":102,"column":12},"end":{"line":102,"column":41}},"70":{"start":{"line":103,"column":2},"end":{"line":103,"column":32}},"71":{"start":{"line":104,"column":2},"end":{"line":104,"column":15}},"72":{"start":{"line":105,"column":2},"end":{"line":105,"column":17}},"73":{"start":{"line":106,"column":2},"end":{"line":106,"column":19}},"74":{"start":{"line":107,"column":2},"end":{"line":107,"column":24}},"75":{"start":{"line":112,"column":2},"end":{"line":125,"column":3}},"76":{"start":{"line":113,"column":4},"end":{"line":113,"column":25}},"77":{"start":{"line":114,"column":4},"end":{"line":114,"column":27}},"78":{"start":{"line":115,"column":4},"end":{"line":115,"column":26}},"79":{"start":{"line":116,"column":4},"end":{"line":116,"column":31}},"80":{"start":{"line":117,"column":4},"end":{"line":117,"column":25}},"81":{"start":{"line":118,"column":4},"end":{"line":118,"column":23}},"82":{"start":{"line":120,"column":4},"end":{"line":120,"column":49}},"83":{"start":{"line":122,"column":4},"end":{"line":122,"column":33}},"84":{"start":{"line":123,"column":4},"end":{"line":123,"column":15}},"85":{"start":{"line":129,"column":2},"end":{"line":129,"column":20}},"86":{"start":{"line":131,"column":15},"end":{"line":131,"column":24}},"87":{"start":{"line":134,"column":2},"end":{"line":134,"column":21}},"88":{"start":{"line":135,"column":22},"end":{"line":135,"column":50}},"89":{"start":{"line":137,"column":2},"end":{"line":142,"column":3}},"90":{"start":{"line":138,"column":4},"end":{"line":141,"column":5}},"91":{"start":{"line":139,"column":6},"end":{"line":139,"column":36}},"92":{"start":{"line":140,"column":6},"end":{"line":140,"column":11}},"93":{"start":{"line":144,"column":2},"end":{"line":167,"column":3}},"94":{"start":{"line":145,"column":4},"end":{"line":145,"column":46}},"95":{"start":{"line":146,"column":4},"end":{"line":146,"column":16}},"96":{"start":{"line":147,"column":4},"end":{"line":154,"column":15}},"97":{"start":{"line":148,"column":6},"end":{"line":154,"column":14}},"98":{"start":{"line":149,"column":20},"end":{"line":149,"column":38}},"99":{"start":{"line":150,"column":8},"end":{"line":150,"column":24}},"100":{"start":{"line":151,"column":20},"end":{"line":151,"column":54}},"101":{"start":{"line":152,"column":8},"end":{"line":152,"column":24}},"102":{"start":{"line":153,"column":8},"end":{"line":153,"column":60}},"103":{"start":{"line":154,"column":8},"end":{"line":154,"column":13}},"104":{"start":{"line":155,"column":4},"end":{"line":155,"column":31}},"105":{"start":{"line":157,"column":4},"end":{"line":162,"column":15}},"106":{"start":{"line":158,"column":6},"end":{"line":162,"column":14}},"107":{"start":{"line":159,"column":20},"end":{"line":159,"column":38}},"108":{"start":{"line":160,"column":20},"end":{"line":160,"column":54}},"109":{"start":{"line":161,"column":8},"end":{"line":161,"column":58}},"110":{"start":{"line":162,"column":8},"end":{"line":162,"column":13}},"111":{"start":{"line":163,"column":18},"end":{"line":163,"column":62}},"112":{"start":{"line":164,"column":6},"end":{"line":164,"column":58}},"113":{"start":{"line":165,"column":4},"end":{"line":165,"column":31}},"114":{"start":{"line":166,"column":4},"end":{"line":166,"column":46}},"115":{"start":{"line":169,"column":0},"end":{"line":169,"column":33}},"116":{"start":{"line":170,"column":0},"end":{"line":170,"column":30}},"117":{"start":{"line":171,"column":0},"end":{"line":171,"column":62}},"118":{"start":{"line":172,"column":0},"end":{"line":172,"column":70}},"119":{"start":{"line":173,"column":0},"end":{"line":173,"column":3}},"120":{"start":{"line":181,"column":2},"end":{"line":181,"column":44}},"121":{"start":{"line":183,"column":2},"end":{"line":192,"column":42}},"122":{"start":{"line":184,"column":21},"end":{"line":184,"column":104}},"123":{"start":{"line":185,"column":4},"end":{"line":185,"column":32}},"124":{"start":{"line":186,"column":4},"end":{"line":190,"column":47}},"125":{"start":{"line":187,"column":21},"end":{"line":187,"column":43}},"126":{"start":{"line":188,"column":8},"end":{"line":188,"column":28}},"127":{"start":{"line":190,"column":10},"end":{"line":190,"column":46}},"128":{"start":{"line":192,"column":11},"end":{"line":192,"column":41}},"129":{"start":{"line":200,"column":21},"end":{"line":200,"column":77}},"130":{"start":{"line":201,"column":4},"end":{"line":206,"column":51}},"131":{"start":{"line":202,"column":24},"end":{"line":202,"column":45}},"132":{"start":{"line":203,"column":23},"end":{"line":203,"column":53}},"133":{"start":{"line":204,"column":6},"end":{"line":204,"column":28}},"134":{"start":{"line":206,"column":10},"end":{"line":206,"column":50}},"135":{"start":{"line":212,"column":15},"end":{"line":217,"column":3}},"136":{"start":{"line":219,"column":15},"end":{"line":224,"column":3}},"137":{"start":{"line":226,"column":18},"end":{"line":231,"column":31}},"138":{"start":{"line":233,"column":4},"end":{"line":241,"column":45}},"139":{"start":{"line":234,"column":24},"end":{"line":234,"column":82}},"140":{"start":{"line":235,"column":6},"end":{"line":240,"column":5}},"141":{"start":{"line":236,"column":8},"end":{"line":236,"column":37}},"142":{"start":{"line":238,"column":8},"end":{"line":238,"column":109}},"143":{"start":{"line":239,"column":13},"end":{"line":239,"column":53}},"144":{"start":{"line":241,"column":14},"end":{"line":241,"column":44}},"145":{"start":{"line":244,"column":0},"end":{"line":244,"column":112}}},"fnMap":{"0":{"name":"createQuestion","decl":{"start":{"line":36,"column":9},"end":{"line":36,"column":23}},"loc":{"start":{"line":36,"column":29},"end":{"line":81,"column":1}},"line":36},"1":{"name":"addImage","decl":{"start":{"line":83,"column":9},"end":{"line":83,"column":17}},"loc":{"start":{"line":83,"column":26},"end":{"line":109,"column":1}},"line":83},"2":{"name":"getCountries","decl":{"start":{"line":111,"column":9},"end":{"line":111,"column":21}},"loc":{"start":{"line":111,"column":23},"end":{"line":126,"column":1}},"line":111},"3":{"name":"checkAnwser","decl":{"start":{"line":128,"column":9},"end":{"line":128,"column":20}},"loc":{"start":{"line":128,"column":23},"end":{"line":175,"column":1}},"line":128},"4":{"name":"fetchCountries","decl":{"start":{"line":180,"column":15},"end":{"line":180,"column":29}},"loc":{"start":{"line":180,"column":61},"end":{"line":193,"column":1}},"line":180},"5":{"name":"fetchImage","decl":{"start":{"line":196,"column":15},"end":{"line":196,"column":25}},"loc":{"start":{"line":196,"column":36},"end":{"line":207,"column":3}},"line":196},"6":{"name":"postScore","decl":{"start":{"line":211,"column":15},"end":{"line":211,"column":24}},"loc":{"start":{"line":211,"column":26},"end":{"line":242,"column":1}},"line":211}},"branchMap":{"0":{"loc":{"start":{"line":67,"column":2},"end":{"line":77,"column":3}},"type":"if","locations":[{"start":{"line":67,"column":2},"end":{"line":77,"column":3}},{"start":{"line":73,"column":6},"end":{"line":77,"column":3}}],"line":67},"1":{"loc":{"start":{"line":112,"column":2},"end":{"line":125,"column":3}},"type":"if","locations":[{"start":{"line":112,"column":2},"end":{"line":125,"column":3}},{"start":{"line":121,"column":6},"end":{"line":125,"column":3}}],"line":112},"2":{"loc":{"start":{"line":138,"column":4},"end":{"line":141,"column":5}},"type":"if","locations":[{"start":{"line":138,"column":4},"end":{"line":141,"column":5}},{"start":{},"end":{}}],"line":138},"3":{"loc":{"start":{"line":144,"column":2},"end":{"line":167,"column":3}},"type":"if","locations":[{"start":{"line":144,"column":2},"end":{"line":167,"column":3}},{"start":{"line":156,"column":7},"end":{"line":167,"column":3}}],"line":144},"4":{"loc":{"start":{"line":148,"column":6},"end":{"line":154,"column":14}},"type":"if","locations":[{"start":{"line":148,"column":6},"end":{"line":154,"column":14}},{"start":{},"end":{}}],"line":148},"5":{"loc":{"start":{"line":158,"column":6},"end":{"line":162,"column":14}},"type":"if","locations":[{"start":{"line":158,"column":6},"end":{"line":162,"column":14}},{"start":{},"end":{}}],"line":158},"6":{"loc":{"start":{"line":186,"column":4},"end":{"line":190,"column":47}},"type":"if","locations":[{"start":{"line":186,"column":4},"end":{"line":190,"column":47}},{"start":{"line":190,"column":9},"end":{"line":190,"column":47}}],"line":186},"7":{"loc":{"start":{"line":201,"column":4},"end":{"line":206,"column":51}},"type":"if","locations":[{"start":{"line":201,"column":4},"end":{"line":206,"column":51}},{"start":{"line":206,"column":9},"end":{"line":206,"column":51}}],"line":201},"8":{"loc":{"start":{"line":235,"column":6},"end":{"line":240,"column":5}},"type":"if","locations":[{"start":{"line":235,"column":6},"end":{"line":240,"column":5}},{"start":{"line":239,"column":12},"end":{"line":240,"column":5}}],"line":235}},"s":{"0":1,"1":1,"2":1,"3":1,"4":1,"5":1,"6":1,"7":1,"8":1,"9":1,"10":1,"11":1,"12":0,"13":1,"14":1,"15":1,"16":1,"17":1,"18":1,"19":1,"20":1,"21":1,"22":1,"23":0,"24":0,"25":0,"26":0,"27":0,"28":0,"29":0,"30":0,"31":0,"32":0,"33":0,"34":0,"35":0,"36":0,"37":0,"38":0,"39":0,"40":0,"41":0,"42":0,"43":0,"44":0,"45":0,"46":0,"47":0,"48":0,"49":0,"50":0,"51":0,"52":0,"53":0,"54":0,"55":1,"56":1,"57":1,"58":1,"59":1,"60":1,"61":1,"62":1,"63":1,"64":1,"65":1,"66":1,"67":1,"68":1,"69":1,"70":1,"71":1,"72":1,"73":1,"74":1,"75":1,"76":0,"77":0,"78":0,"79":0,"80":0,"81":0,"82":0,"83":1,"84":1,"85":0,"86":0,"87":0,"88":0,"89":0,"90":0,"91":0,"92":0,"93":0,"94":0,"95":0,"96":0,"97":0,"98":0,"99":0,"100":0,"101":0,"102":0,"103":0,"104":0,"105":0,"106":0,"107":0,"108":0,"109":0,"110":0,"111":0,"112":0,"113":0,"114":0,"115":0,"116":0,"117":0,"118":0,"119":0,"120":0,"121":0,"122":0,"123":0,"124":0,"125":0,"126":0,"127":0,"128":0,"129":2,"130":2,"131":1,"132":1,"133":1,"134":1,"135":1,"136":1,"137":1,"138":1,"139":1,"140":0,"141":0,"142":0,"143":0,"144":0,"145":1},"f":{"0":0,"1":1,"2":1,"3":0,"4":0,"5":2,"6":1},"b":{"0":[0,0],"1":[0,1],"2":[0,0],"3":[0,0],"4":[0,0],"5":[0,0],"6":[0,0],"7":[1,1],"8":[0,0]},"_coverageSchema":"1a1c01bbd47fc00a2c39e90264f33305004495a9","hash":"857f4be583160946298c146879d7245c880b72f3"}
}
