{"C:\\Users\\orica\\OneDrive\\Documents\\La Fosse Training\\Geography-Game\\client\\flag_quizz\\flag_questions.js": {"path":"C:\\Users\\orica\\OneDrive\\Documents\\La Fosse Training\\Geography-Game\\client\\flag_quizz\\flag_questions.js","statementMap":{"0":{"start":{"line":1,"column":17},"end":{"line":1,"column":53}},"1":{"start":{"line":2,"column":16},"end":{"line":2,"column":50}},"2":{"start":{"line":3,"column":21},"end":{"line":3,"column":60}},"3":{"start":{"line":4,"column":15},"end":{"line":4,"column":48}},"4":{"start":{"line":5,"column":21},"end":{"line":5,"column":57}},"5":{"start":{"line":6,"column":13},"end":{"line":6,"column":44}},"6":{"start":{"line":13,"column":0},"end":{"line":13,"column":51}},"7":{"start":{"line":14,"column":0},"end":{"line":14,"column":44}},"8":{"start":{"line":16,"column":21},"end":{"line":16,"column":64}},"9":{"start":{"line":17,"column":15},"end":{"line":17,"column":17}},"10":{"start":{"line":18,"column":2},"end":{"line":19,"column":32}},"11":{"start":{"line":19,"column":4},"end":{"line":19,"column":31}},"12":{"start":{"line":20,"column":0},"end":{"line":20,"column":19}},"13":{"start":{"line":22,"column":17},"end":{"line":22,"column":26}},"14":{"start":{"line":23,"column":8},"end":{"line":23,"column":9}},"15":{"start":{"line":24,"column":12},"end":{"line":24,"column":13}},"16":{"start":{"line":26,"column":24},"end":{"line":26,"column":49}},"17":{"start":{"line":27,"column":12},"end":{"line":27,"column":24}},"18":{"start":{"line":28,"column":13},"end":{"line":28,"column":26}},"19":{"start":{"line":29,"column":15},"end":{"line":29,"column":30}},"20":{"start":{"line":30,"column":21},"end":{"line":30,"column":36}},"21":{"start":{"line":33,"column":0},"end":{"line":33,"column":14}},"22":{"start":{"line":36,"column":20},"end":{"line":36,"column":24}},"23":{"start":{"line":37,"column":22},"end":{"line":37,"column":64}},"24":{"start":{"line":38,"column":2},"end":{"line":38,"column":37}},"25":{"start":{"line":40,"column":14},"end":{"line":40,"column":42}},"26":{"start":{"line":41,"column":15},"end":{"line":41,"column":43}},"27":{"start":{"line":43,"column":2},"end":{"line":43,"column":29}},"28":{"start":{"line":44,"column":2},"end":{"line":44,"column":28}},"29":{"start":{"line":45,"column":2},"end":{"line":45,"column":63}},"30":{"start":{"line":46,"column":2},"end":{"line":46,"column":62}},"31":{"start":{"line":48,"column":2},"end":{"line":48,"column":30}},"32":{"start":{"line":49,"column":2},"end":{"line":49,"column":29}},"33":{"start":{"line":53,"column":2},"end":{"line":57,"column":3}},"34":{"start":{"line":54,"column":13},"end":{"line":54,"column":34}},"35":{"start":{"line":55,"column":15},"end":{"line":55,"column":22}},"36":{"start":{"line":56,"column":4},"end":{"line":56,"column":24}},"37":{"start":{"line":58,"column":15},"end":{"line":58,"column":47}},"38":{"start":{"line":59,"column":2},"end":{"line":59,"column":28}},"39":{"start":{"line":60,"column":2},"end":{"line":60,"column":37}},"40":{"start":{"line":61,"column":2},"end":{"line":61,"column":69}},"41":{"start":{"line":62,"column":2},"end":{"line":62,"column":34}},"42":{"start":{"line":64,"column":21},"end":{"line":64,"column":53}},"43":{"start":{"line":65,"column":2},"end":{"line":65,"column":34}},"44":{"start":{"line":66,"column":2},"end":{"line":72,"column":3}},"45":{"start":{"line":67,"column":4},"end":{"line":67,"column":46}},"46":{"start":{"line":68,"column":4},"end":{"line":68,"column":78}},"47":{"start":{"line":70,"column":4},"end":{"line":70,"column":44}},"48":{"start":{"line":71,"column":4},"end":{"line":71,"column":80}},"49":{"start":{"line":73,"column":2},"end":{"line":73,"column":38}},"50":{"start":{"line":74,"column":2},"end":{"line":74,"column":32}},"51":{"start":{"line":78,"column":17},"end":{"line":78,"column":46}},"52":{"start":{"line":79,"column":2},"end":{"line":79,"column":54}},"53":{"start":{"line":80,"column":2},"end":{"line":80,"column":31}},"54":{"start":{"line":83,"column":14},"end":{"line":83,"column":45}},"55":{"start":{"line":84,"column":2},"end":{"line":84,"column":36}},"56":{"start":{"line":85,"column":2},"end":{"line":85,"column":22}},"57":{"start":{"line":86,"column":2},"end":{"line":86,"column":15}},"58":{"start":{"line":87,"column":2},"end":{"line":87,"column":18}},"59":{"start":{"line":88,"column":2},"end":{"line":88,"column":23}},"60":{"start":{"line":89,"column":2},"end":{"line":89,"column":29}},"61":{"start":{"line":91,"column":14},"end":{"line":91,"column":45}},"62":{"start":{"line":92,"column":2},"end":{"line":92,"column":36}},"63":{"start":{"line":93,"column":2},"end":{"line":93,"column":31}},"64":{"start":{"line":94,"column":2},"end":{"line":94,"column":29}},"65":{"start":{"line":96,"column":12},"end":{"line":96,"column":41}},"66":{"start":{"line":97,"column":2},"end":{"line":97,"column":32}},"67":{"start":{"line":98,"column":2},"end":{"line":98,"column":15}},"68":{"start":{"line":99,"column":2},"end":{"line":99,"column":17}},"69":{"start":{"line":100,"column":2},"end":{"line":100,"column":24}},"70":{"start":{"line":105,"column":2},"end":{"line":117,"column":3}},"71":{"start":{"line":106,"column":4},"end":{"line":106,"column":27}},"72":{"start":{"line":107,"column":4},"end":{"line":107,"column":26}},"73":{"start":{"line":108,"column":4},"end":{"line":108,"column":31}},"74":{"start":{"line":109,"column":4},"end":{"line":109,"column":25}},"75":{"start":{"line":110,"column":4},"end":{"line":110,"column":23}},"76":{"start":{"line":112,"column":4},"end":{"line":112,"column":49}},"77":{"start":{"line":114,"column":4},"end":{"line":114,"column":33}},"78":{"start":{"line":115,"column":4},"end":{"line":115,"column":15}},"79":{"start":{"line":121,"column":2},"end":{"line":121,"column":20}},"80":{"start":{"line":123,"column":15},"end":{"line":123,"column":24}},"81":{"start":{"line":126,"column":2},"end":{"line":126,"column":21}},"82":{"start":{"line":127,"column":22},"end":{"line":127,"column":49}},"83":{"start":{"line":129,"column":2},"end":{"line":134,"column":3}},"84":{"start":{"line":130,"column":4},"end":{"line":133,"column":5}},"85":{"start":{"line":131,"column":6},"end":{"line":131,"column":36}},"86":{"start":{"line":132,"column":6},"end":{"line":132,"column":11}},"87":{"start":{"line":136,"column":2},"end":{"line":144,"column":3}},"88":{"start":{"line":137,"column":4},"end":{"line":137,"column":46}},"89":{"start":{"line":138,"column":4},"end":{"line":138,"column":17}},"90":{"start":{"line":139,"column":4},"end":{"line":139,"column":31}},"91":{"start":{"line":140,"column":4},"end":{"line":140,"column":22}},"92":{"start":{"line":142,"column":4},"end":{"line":142,"column":31}},"93":{"start":{"line":143,"column":4},"end":{"line":143,"column":46}},"94":{"start":{"line":146,"column":0},"end":{"line":146,"column":33}},"95":{"start":{"line":147,"column":0},"end":{"line":147,"column":62}},"96":{"start":{"line":148,"column":0},"end":{"line":148,"column":70}},"97":{"start":{"line":149,"column":0},"end":{"line":149,"column":3}},"98":{"start":{"line":157,"column":2},"end":{"line":157,"column":44}},"99":{"start":{"line":159,"column":2},"end":{"line":168,"column":42}},"100":{"start":{"line":160,"column":21},"end":{"line":160,"column":104}},"101":{"start":{"line":161,"column":4},"end":{"line":161,"column":32}},"102":{"start":{"line":162,"column":4},"end":{"line":166,"column":47}},"103":{"start":{"line":163,"column":21},"end":{"line":163,"column":43}},"104":{"start":{"line":164,"column":8},"end":{"line":164,"column":28}},"105":{"start":{"line":166,"column":10},"end":{"line":166,"column":46}},"106":{"start":{"line":168,"column":11},"end":{"line":168,"column":41}},"107":{"start":{"line":176,"column":21},"end":{"line":176,"column":77}},"108":{"start":{"line":177,"column":4},"end":{"line":182,"column":51}},"109":{"start":{"line":178,"column":24},"end":{"line":178,"column":45}},"110":{"start":{"line":179,"column":23},"end":{"line":179,"column":53}},"111":{"start":{"line":180,"column":6},"end":{"line":180,"column":28}},"112":{"start":{"line":182,"column":10},"end":{"line":182,"column":50}},"113":{"start":{"line":188,"column":15},"end":{"line":193,"column":3}},"114":{"start":{"line":195,"column":18},"end":{"line":200,"column":31}},"115":{"start":{"line":202,"column":4},"end":{"line":210,"column":45}},"116":{"start":{"line":203,"column":24},"end":{"line":203,"column":82}},"117":{"start":{"line":204,"column":6},"end":{"line":209,"column":5}},"118":{"start":{"line":205,"column":8},"end":{"line":205,"column":37}},"119":{"start":{"line":207,"column":8},"end":{"line":207,"column":109}},"120":{"start":{"line":208,"column":13},"end":{"line":208,"column":53}},"121":{"start":{"line":210,"column":14},"end":{"line":210,"column":44}},"122":{"start":{"line":214,"column":2},"end":{"line":214,"column":15}},"123":{"start":{"line":217,"column":0},"end":{"line":217,"column":117}}},"fnMap":{"0":{"name":"createQuestion","decl":{"start":{"line":35,"column":9},"end":{"line":35,"column":23}},"loc":{"start":{"line":35,"column":29},"end":{"line":75,"column":1}},"line":35},"1":{"name":"addImage","decl":{"start":{"line":77,"column":9},"end":{"line":77,"column":17}},"loc":{"start":{"line":77,"column":26},"end":{"line":102,"column":1}},"line":77},"2":{"name":"getCountries","decl":{"start":{"line":104,"column":9},"end":{"line":104,"column":21}},"loc":{"start":{"line":104,"column":23},"end":{"line":118,"column":1}},"line":104},"3":{"name":"checkAnwser","decl":{"start":{"line":120,"column":9},"end":{"line":120,"column":20}},"loc":{"start":{"line":120,"column":23},"end":{"line":151,"column":1}},"line":120},"4":{"name":"fetchCountries","decl":{"start":{"line":156,"column":15},"end":{"line":156,"column":29}},"loc":{"start":{"line":156,"column":61},"end":{"line":169,"column":1}},"line":156},"5":{"name":"fetchImage","decl":{"start":{"line":172,"column":15},"end":{"line":172,"column":25}},"loc":{"start":{"line":172,"column":36},"end":{"line":183,"column":3}},"line":172},"6":{"name":"postScore","decl":{"start":{"line":187,"column":15},"end":{"line":187,"column":24}},"loc":{"start":{"line":187,"column":26},"end":{"line":211,"column":1}},"line":187},"7":{"name":"add","decl":{"start":{"line":213,"column":9},"end":{"line":213,"column":12}},"loc":{"start":{"line":213,"column":19},"end":{"line":215,"column":1}},"line":213}},"branchMap":{"0":{"loc":{"start":{"line":66,"column":2},"end":{"line":72,"column":3}},"type":"if","locations":[{"start":{"line":66,"column":2},"end":{"line":72,"column":3}},{"start":{"line":69,"column":6},"end":{"line":72,"column":3}}],"line":66},"1":{"loc":{"start":{"line":105,"column":2},"end":{"line":117,"column":3}},"type":"if","locations":[{"start":{"line":105,"column":2},"end":{"line":117,"column":3}},{"start":{"line":113,"column":6},"end":{"line":117,"column":3}}],"line":105},"2":{"loc":{"start":{"line":130,"column":4},"end":{"line":133,"column":5}},"type":"if","locations":[{"start":{"line":130,"column":4},"end":{"line":133,"column":5}},{"start":{},"end":{}}],"line":130},"3":{"loc":{"start":{"line":136,"column":2},"end":{"line":144,"column":3}},"type":"if","locations":[{"start":{"line":136,"column":2},"end":{"line":144,"column":3}},{"start":{"line":141,"column":7},"end":{"line":144,"column":3}}],"line":136},"4":{"loc":{"start":{"line":162,"column":4},"end":{"line":166,"column":47}},"type":"if","locations":[{"start":{"line":162,"column":4},"end":{"line":166,"column":47}},{"start":{"line":166,"column":9},"end":{"line":166,"column":47}}],"line":162},"5":{"loc":{"start":{"line":177,"column":4},"end":{"line":182,"column":51}},"type":"if","locations":[{"start":{"line":177,"column":4},"end":{"line":182,"column":51}},{"start":{"line":182,"column":9},"end":{"line":182,"column":51}}],"line":177},"6":{"loc":{"start":{"line":204,"column":6},"end":{"line":209,"column":5}},"type":"if","locations":[{"start":{"line":204,"column":6},"end":{"line":209,"column":5}},{"start":{"line":208,"column":12},"end":{"line":209,"column":5}}],"line":204}},"s":{"0":1,"1":1,"2":1,"3":1,"4":1,"5":1,"6":1,"7":1,"8":1,"9":1,"10":1,"11":0,"12":1,"13":1,"14":1,"15":1,"16":1,"17":1,"18":1,"19":1,"20":1,"21":1,"22":0,"23":0,"24":0,"25":0,"26":0,"27":0,"28":0,"29":0,"30":0,"31":0,"32":0,"33":0,"34":0,"35":0,"36":0,"37":0,"38":0,"39":0,"40":0,"41":0,"42":0,"43":0,"44":0,"45":0,"46":0,"47":0,"48":0,"49":0,"50":0,"51":0,"52":0,"53":0,"54":0,"55":0,"56":0,"57":0,"58":0,"59":0,"60":0,"61":0,"62":0,"63":0,"64":0,"65":0,"66":0,"67":0,"68":0,"69":0,"70":1,"71":0,"72":0,"73":0,"74":0,"75":0,"76":0,"77":1,"78":1,"79":0,"80":0,"81":0,"82":0,"83":0,"84":0,"85":0,"86":0,"87":0,"88":0,"89":0,"90":0,"91":0,"92":0,"93":0,"94":0,"95":0,"96":0,"97":0,"98":0,"99":0,"100":0,"101":0,"102":0,"103":0,"104":0,"105":0,"106":0,"107":0,"108":0,"109":0,"110":0,"111":0,"112":0,"113":1,"114":1,"115":1,"116":1,"117":0,"118":0,"119":0,"120":0,"121":0,"122":0,"123":1},"f":{"0":0,"1":0,"2":1,"3":0,"4":0,"5":0,"6":1,"7":0},"b":{"0":[0,0],"1":[0,1],"2":[0,0],"3":[0,0],"4":[0,0],"5":[0,0],"6":[0,0]},"_coverageSchema":"1a1c01bbd47fc00a2c39e90264f33305004495a9","hash":"da549012e92c2cac8ba1409ee442cae2f4e85c41"}
}
