TN:
SF:flag_quizz\flag_questions.js
FN:36,createQuestion
FN:83,addImage
FN:111,getCountries
FN:128,checkAnwser
FN:180,fetchCountries
FN:196,fetchImage
FN:211,postScore
FNF:7
FNH:4
FNDA:0,createQuestion
FNDA:1,addImage
FNDA:1,getCountries
FNDA:0,checkAnwser
FNDA:0,fetchCountries
FNDA:2,fetchImage
FNDA:1,postScore
DA:1,1
DA:2,1
DA:3,1
DA:4,1
DA:5,1
DA:6,1
DA:7,1
DA:14,1
DA:15,1
DA:17,1
DA:18,1
DA:19,1
DA:20,0
DA:21,1
DA:23,1
DA:24,1
DA:25,1
DA:27,1
DA:28,1
DA:29,1
DA:30,1
DA:31,1
DA:34,1
DA:37,0
DA:38,0
DA:39,0
DA:41,0
DA:42,0
DA:45,0
DA:46,0
DA:48,0
DA:49,0
DA:53,0
DA:54,0
DA:55,0
DA:56,0
DA:58,0
DA:59,0
DA:60,0
DA:61,0
DA:62,0
DA:63,0
DA:65,0
DA:66,0
DA:67,0
DA:68,0
DA:69,0
DA:70,0
DA:71,0
DA:74,0
DA:75,0
DA:76,0
DA:78,0
DA:79,0
DA:80,0
DA:84,1
DA:85,1
DA:86,1
DA:89,1
DA:90,1
DA:91,1
DA:92,1
DA:93,1
DA:94,1
DA:95,1
DA:97,1
DA:98,1
DA:99,1
DA:100,1
DA:102,1
DA:103,1
DA:104,1
DA:105,1
DA:106,1
DA:107,1
DA:112,1
DA:113,0
DA:114,0
DA:115,0
DA:116,0
DA:117,0
DA:118,0
DA:120,0
DA:122,1
DA:123,1
DA:129,0
DA:131,0
DA:134,0
DA:135,0
DA:137,0
DA:138,0
DA:139,0
DA:140,0
DA:144,0
DA:145,0
DA:146,0
DA:147,0
DA:148,0
DA:149,0
DA:150,0
DA:151,0
DA:152,0
DA:153,0
DA:154,0
DA:155,0
DA:157,0
DA:158,0
DA:159,0
DA:160,0
DA:161,0
DA:162,0
DA:163,0
DA:164,0
DA:165,0
DA:166,0
DA:169,0
DA:170,0
DA:171,0
DA:172,0
DA:173,0
DA:181,0
DA:183,0
DA:184,0
DA:185,0
DA:186,0
DA:187,0
DA:188,0
DA:190,0
DA:192,0
DA:200,2
DA:201,2
DA:202,1
DA:203,1
DA:204,1
DA:206,1
DA:212,1
DA:219,1
DA:226,1
DA:233,1
DA:234,1
DA:235,0
DA:236,0
DA:238,0
DA:239,0
DA:241,0
DA:244,1
LF:146
LH:57
BRDA:67,0,0,0
BRDA:67,0,1,0
BRDA:112,1,0,0
BRDA:112,1,1,1
BRDA:138,2,0,0
BRDA:138,2,1,0
BRDA:144,3,0,0
BRDA:144,3,1,0
BRDA:148,4,0,0
BRDA:148,4,1,0
BRDA:158,5,0,0
BRDA:158,5,1,0
BRDA:186,6,0,0
BRDA:186,6,1,0
BRDA:201,7,0,1
BRDA:201,7,1,1
BRDA:235,8,0,0
BRDA:235,8,1,0
BRF:18
BRH:3
end_of_record
