TN:
SF:flag_quizz\flag_questions.js
FN:35,createQuestion
FN:77,addImage
FN:104,getCountries
FN:120,checkAnwser
FN:156,fetchCountries
FN:172,fetchImage
FN:187,postScore
FN:213,add
FNF:8
FNH:2
FNDA:0,createQuestion
FNDA:0,addImage
FNDA:1,getCountries
FNDA:0,checkAnwser
FNDA:0,fetchCountries
FNDA:0,fetchImage
FNDA:1,postScore
FNDA:0,add
DA:1,1
DA:2,1
DA:3,1
DA:4,1
DA:5,1
DA:6,1
DA:13,1
DA:14,1
DA:16,1
DA:17,1
DA:18,1
DA:19,0
DA:20,1
DA:22,1
DA:23,1
DA:24,1
DA:26,1
DA:27,1
DA:28,1
DA:29,1
DA:30,1
DA:33,1
DA:36,0
DA:37,0
DA:38,0
DA:40,0
DA:41,0
DA:43,0
DA:44,0
DA:45,0
DA:46,0
DA:48,0
DA:49,0
DA:53,0
DA:54,0
DA:55,0
DA:56,0
DA:58,0
DA:59,0
DA:60,0
DA:61,0
DA:62,0
DA:64,0
DA:65,0
DA:66,0
DA:67,0
DA:68,0
DA:70,0
DA:71,0
DA:73,0
DA:74,0
DA:78,0
DA:79,0
DA:80,0
DA:83,0
DA:84,0
DA:85,0
DA:86,0
DA:87,0
DA:88,0
DA:89,0
DA:91,0
DA:92,0
DA:93,0
DA:94,0
DA:96,0
DA:97,0
DA:98,0
DA:99,0
DA:100,0
DA:105,1
DA:106,0
DA:107,0
DA:108,0
DA:109,0
DA:110,0
DA:112,0
DA:114,1
DA:115,1
DA:121,0
DA:123,0
DA:126,0
DA:127,0
DA:129,0
DA:130,0
DA:131,0
DA:132,0
DA:136,0
DA:137,0
DA:138,0
DA:139,0
DA:140,0
DA:142,0
DA:143,0
DA:146,0
DA:147,0
DA:148,0
DA:149,0
DA:157,0
DA:159,0
DA:160,0
DA:161,0
DA:162,0
DA:163,0
DA:164,0
DA:166,0
DA:168,0
DA:176,0
DA:177,0
DA:178,0
DA:179,0
DA:180,0
DA:182,0
DA:188,1
DA:195,1
DA:202,1
DA:203,1
DA:204,0
DA:205,0
DA:207,0
DA:208,0
DA:210,0
DA:214,0
DA:217,1
LF:124
LH:29
BRDA:66,0,0,0
BRDA:66,0,1,0
BRDA:105,1,0,0
BRDA:105,1,1,1
BRDA:130,2,0,0
BRDA:130,2,1,0
BRDA:136,3,0,0
BRDA:136,3,1,0
BRDA:162,4,0,0
BRDA:162,4,1,0
BRDA:177,5,0,0
BRDA:177,5,1,0
BRDA:204,6,0,0
BRDA:204,6,1,0
BRF:14
BRH:1
end_of_record
